<?xml version="1.0" encoding="UTF-8"?>
<beans xmlns="http://www.springframework.org/schema/beans"
	xmlns:xsi="http://www.w3.org/2001/XMLSchema-instance" xmlns:tx="http://www.springframework.org/schema/tx"
	xmlns:context="http://www.springframework.org/schema/context"
	xsi:schemaLocation="
            http://www.springframework.org/schema/beans      
            http://www.springframework.org/schema/beans/spring-beans-3.1.xsd 
            http://www.springframework.org/schema/tx  
            http://www.springframework.org/schema/tx/spring-tx-3.1.xsd
            http://www.springframework.org/schema/context
            http://www.springframework.org/schema/context/spring-context-3.1.xsd">

	<!-- for an in-memory test we need to load the db properties, then the test 
		properties, then the persistence bits -->
	<!-- <context:property-placeholder
		location="classpath:db.properties, classpath:db.inmemory-overrides.properties" />
	<import resource="classpath:/persistence.xml" /> -->
	
	<!-- enable component scanning -->
	<context:component-scan base-package="be.e2partners.curriculum.dao.impl" />

	<!-- enable autowire -->
	<context:annotation-config />
	
	
	<import resource="classpath:/dao-jpa-context.xml" />
	
</beans>
